<?xml version="1.0" encoding="UTF-8"?>
<testsuite xmlns:xsi="http://www.w3.org/2001/XMLSchema-instance" xsi:noNamespaceSchemaLocation="https://maven.apache.org/surefire/maven-surefire-plugin/xsd/surefire-test-report.xsd" name="com.example.services.PhotoServiceTest" time="0.415" tests="16" errors="0" skipped="0" failures="0">
  <properties>
    <property name="sun.desktop" value="gnome"/>
    <property name="awt.toolkit" value="sun.awt.X11.XToolkit"/>
    <property name="file.encoding.pkg" value="sun.io"/>
    <property name="java.specification.version" value="1.8"/>
    <property name="sun.cpu.isalist" value=""/>
    <property name="sun.jnu.encoding" value="UTF-8"/>
    <property name="java.class.path" value="/home/opeth-ss/streetphotography/target/test-classes:/home/opeth-ss/streetphotography/target/classes:/home/opeth-ss/.m2/repository/javax/javaee-api/7.0/javaee-api-7.0.jar:/home/opeth-ss/.m2/repository/com/sun/mail/javax.mail/1.5.0/javax.mail-1.5.0.jar:/home/opeth-ss/.m2/repository/javax/activation/activation/1.1/activation-1.1.jar:/home/opeth-ss/.m2/repository/javax/persistence/javax.persistence-api/2.2/javax.persistence-api-2.2.jar:/home/opeth-ss/.m2/repository/org/hibernate/hibernate-core/5.6.15.Final/hibernate-core-5.6.15.Final.jar:/home/opeth-ss/.m2/repository/org/jboss/logging/jboss-logging/3.4.3.Final/jboss-logging-3.4.3.Final.jar:/home/opeth-ss/.m2/repository/net/bytebuddy/byte-buddy/1.12.18/byte-buddy-1.12.18.jar:/home/opeth-ss/.m2/repository/antlr/antlr/2.7.7/antlr-2.7.7.jar:/home/opeth-ss/.m2/repository/org/jboss/spec/javax/transaction/jboss-transaction-api_1.2_spec/1.1.1.Final/jboss-transaction-api_1.2_spec-1.1.1.Final.jar:/home/opeth-ss/.m2/repository/org/jboss/jandex/2.4.2.Final/jandex-2.4.2.Final.jar:/home/opeth-ss/.m2/repository/com/fasterxml/classmate/1.5.1/classmate-1.5.1.jar:/home/opeth-ss/.m2/repository/javax/activation/javax.activation-api/1.2.0/javax.activation-api-1.2.0.jar:/home/opeth-ss/.m2/repository/org/hibernate/common/hibernate-commons-annotations/5.1.2.Final/hibernate-commons-annotations-5.1.2.Final.jar:/home/opeth-ss/.m2/repository/javax/xml/bind/jaxb-api/2.3.1/jaxb-api-2.3.1.jar:/home/opeth-ss/.m2/repository/org/glassfish/jaxb/jaxb-runtime/2.3.1/jaxb-runtime-2.3.1.jar:/home/opeth-ss/.m2/repository/org/glassfish/jaxb/txw2/2.3.1/txw2-2.3.1.jar:/home/opeth-ss/.m2/repository/com/sun/istack/istack-commons-runtime/3.0.7/istack-commons-runtime-3.0.7.jar:/home/opeth-ss/.m2/repository/org/jvnet/staxex/stax-ex/1.8/stax-ex-1.8.jar:/home/opeth-ss/.m2/repository/com/sun/xml/fastinfoset/FastInfoset/1.2.15/FastInfoset-1.2.15.jar:/home/opeth-ss/.m2/repository/com/mysql/mysql-connector-j/8.0.33/mysql-connector-j-8.0.33.jar:/home/opeth-ss/.m2/repository/com/google/protobuf/protobuf-java/3.21.9/protobuf-java-3.21.9.jar:/home/opeth-ss/.m2/repository/org/hibernate/hibernate-entitymanager/5.6.15.Final/hibernate-entitymanager-5.6.15.Final.jar:/home/opeth-ss/.m2/repository/org/slf4j/slf4j-api/1.7.36/slf4j-api-1.7.36.jar:/home/opeth-ss/.m2/repository/ch/qos/logback/logback-classic/1.2.11/logback-classic-1.2.11.jar:/home/opeth-ss/.m2/repository/ch/qos/logback/logback-core/1.2.11/logback-core-1.2.11.jar:/home/opeth-ss/.m2/repository/com/sun/faces/jsf-api/2.2.20/jsf-api-2.2.20.jar:/home/opeth-ss/.m2/repository/org/primefaces/primefaces/8.0/primefaces-8.0.jar:/home/opeth-ss/.m2/repository/com/sun/faces/jsf-impl/2.2.20/jsf-impl-2.2.20.jar:/home/opeth-ss/.m2/repository/org/mindrot/jbcrypt/0.4/jbcrypt-0.4.jar:/home/opeth-ss/.m2/repository/javax/enterprise/cdi-api/2.0/cdi-api-2.0.jar:/home/opeth-ss/.m2/repository/javax/el/javax.el-api/3.0.0/javax.el-api-3.0.0.jar:/home/opeth-ss/.m2/repository/javax/interceptor/javax.interceptor-api/1.2/javax.interceptor-api-1.2.jar:/home/opeth-ss/.m2/repository/javax/inject/javax.inject/1/javax.inject-1.jar:/home/opeth-ss/.m2/repository/org/junit/jupiter/junit-jupiter-api/5.9.2/junit-jupiter-api-5.9.2.jar:/home/opeth-ss/.m2/repository/org/opentest4j/opentest4j/1.2.0/opentest4j-1.2.0.jar:/home/opeth-ss/.m2/repository/org/junit/platform/junit-platform-commons/1.9.2/junit-platform-commons-1.9.2.jar:/home/opeth-ss/.m2/repository/org/apiguardian/apiguardian-api/1.1.2/apiguardian-api-1.1.2.jar:/home/opeth-ss/.m2/repository/org/junit/jupiter/junit-jupiter-engine/5.9.2/junit-jupiter-engine-5.9.2.jar:/home/opeth-ss/.m2/repository/org/junit/platform/junit-platform-engine/1.9.2/junit-platform-engine-1.9.2.jar:/home/opeth-ss/.m2/repository/org/junit/jupiter/junit-jupiter-params/5.9.2/junit-jupiter-params-5.9.2.jar:/home/opeth-ss/.m2/repository/org/mockito/mockito-core/4.11.0/mockito-core-4.11.0.jar:/home/opeth-ss/.m2/repository/net/bytebuddy/byte-buddy-agent/1.12.19/byte-buddy-agent-1.12.19.jar:/home/opeth-ss/.m2/repository/org/objenesis/objenesis/3.3/objenesis-3.3.jar:/home/opeth-ss/.m2/repository/org/mockito/mockito-junit-jupiter/4.11.0/mockito-junit-jupiter-4.11.0.jar:/home/opeth-ss/.m2/repository/org/hamcrest/hamcrest/2.2/hamcrest-2.2.jar:/home/opeth-ss/.m2/repository/io/jsonwebtoken/jjwt-api/0.11.5/jjwt-api-0.11.5.jar:/home/opeth-ss/.m2/repository/io/jsonwebtoken/jjwt-impl/0.11.5/jjwt-impl-0.11.5.jar:/home/opeth-ss/.m2/repository/io/jsonwebtoken/jjwt-jackson/0.11.5/jjwt-jackson-0.11.5.jar:/home/opeth-ss/.m2/repository/com/fasterxml/jackson/core/jackson-databind/2.12.6.1/jackson-databind-2.12.6.1.jar:/home/opeth-ss/.m2/repository/com/fasterxml/jackson/core/jackson-annotations/2.12.6/jackson-annotations-2.12.6.jar:/home/opeth-ss/.m2/repository/com/fasterxml/jackson/core/jackson-core/2.12.6/jackson-core-2.12.6.jar:"/>
    <property name="java.vm.vendor" value="Private Build"/>
    <property name="sun.arch.data.model" value="64"/>
    <property name="java.vendor.url" value="http://java.oracle.com/"/>
    <property name="user.timezone" value=""/>
    <property name="java.vm.specification.version" value="1.8"/>
    <property name="os.name" value="Linux"/>
    <property name="user.country" value="US"/>
    <property name="sun.java.launcher" value="SUN_STANDARD"/>
    <property name="sun.boot.library.path" value="/usr/lib/jvm/java-8-openjdk-amd64/jre/lib/amd64"/>
    <property name="sun.java.command" value="/home/opeth-ss/streetphotography/target/surefire/surefirebooter4836403086763571350.jar /home/opeth-ss/streetphotography/target/surefire 2025-04-28T10-54-56_647-jvmRun1 surefire682183123553265913tmp surefire_01807714489558867214tmp"/>
    <property name="surefire.test.class.path" value="/home/opeth-ss/streetphotography/target/test-classes:/home/opeth-ss/streetphotography/target/classes:/home/opeth-ss/.m2/repository/javax/javaee-api/7.0/javaee-api-7.0.jar:/home/opeth-ss/.m2/repository/com/sun/mail/javax.mail/1.5.0/javax.mail-1.5.0.jar:/home/opeth-ss/.m2/repository/javax/activation/activation/1.1/activation-1.1.jar:/home/opeth-ss/.m2/repository/javax/persistence/javax.persistence-api/2.2/javax.persistence-api-2.2.jar:/home/opeth-ss/.m2/repository/org/hibernate/hibernate-core/5.6.15.Final/hibernate-core-5.6.15.Final.jar:/home/opeth-ss/.m2/repository/org/jboss/logging/jboss-logging/3.4.3.Final/jboss-logging-3.4.3.Final.jar:/home/opeth-ss/.m2/repository/net/bytebuddy/byte-buddy/1.12.18/byte-buddy-1.12.18.jar:/home/opeth-ss/.m2/repository/antlr/antlr/2.7.7/antlr-2.7.7.jar:/home/opeth-ss/.m2/repository/org/jboss/spec/javax/transaction/jboss-transaction-api_1.2_spec/1.1.1.Final/jboss-transaction-api_1.2_spec-1.1.1.Final.jar:/home/opeth-ss/.m2/repository/org/jboss/jandex/2.4.2.Final/jandex-2.4.2.Final.jar:/home/opeth-ss/.m2/repository/com/fasterxml/classmate/1.5.1/classmate-1.5.1.jar:/home/opeth-ss/.m2/repository/javax/activation/javax.activation-api/1.2.0/javax.activation-api-1.2.0.jar:/home/opeth-ss/.m2/repository/org/hibernate/common/hibernate-commons-annotations/5.1.2.Final/hibernate-commons-annotations-5.1.2.Final.jar:/home/opeth-ss/.m2/repository/javax/xml/bind/jaxb-api/2.3.1/jaxb-api-2.3.1.jar:/home/opeth-ss/.m2/repository/org/glassfish/jaxb/jaxb-runtime/2.3.1/jaxb-runtime-2.3.1.jar:/home/opeth-ss/.m2/repository/org/glassfish/jaxb/txw2/2.3.1/txw2-2.3.1.jar:/home/opeth-ss/.m2/repository/com/sun/istack/istack-commons-runtime/3.0.7/istack-commons-runtime-3.0.7.jar:/home/opeth-ss/.m2/repository/org/jvnet/staxex/stax-ex/1.8/stax-ex-1.8.jar:/home/opeth-ss/.m2/repository/com/sun/xml/fastinfoset/FastInfoset/1.2.15/FastInfoset-1.2.15.jar:/home/opeth-ss/.m2/repository/com/mysql/mysql-connector-j/8.0.33/mysql-connector-j-8.0.33.jar:/home/opeth-ss/.m2/repository/com/google/protobuf/protobuf-java/3.21.9/protobuf-java-3.21.9.jar:/home/opeth-ss/.m2/repository/org/hibernate/hibernate-entitymanager/5.6.15.Final/hibernate-entitymanager-5.6.15.Final.jar:/home/opeth-ss/.m2/repository/org/slf4j/slf4j-api/1.7.36/slf4j-api-1.7.36.jar:/home/opeth-ss/.m2/repository/ch/qos/logback/logback-classic/1.2.11/logback-classic-1.2.11.jar:/home/opeth-ss/.m2/repository/ch/qos/logback/logback-core/1.2.11/logback-core-1.2.11.jar:/home/opeth-ss/.m2/repository/com/sun/faces/jsf-api/2.2.20/jsf-api-2.2.20.jar:/home/opeth-ss/.m2/repository/org/primefaces/primefaces/8.0/primefaces-8.0.jar:/home/opeth-ss/.m2/repository/com/sun/faces/jsf-impl/2.2.20/jsf-impl-2.2.20.jar:/home/opeth-ss/.m2/repository/org/mindrot/jbcrypt/0.4/jbcrypt-0.4.jar:/home/opeth-ss/.m2/repository/javax/enterprise/cdi-api/2.0/cdi-api-2.0.jar:/home/opeth-ss/.m2/repository/javax/el/javax.el-api/3.0.0/javax.el-api-3.0.0.jar:/home/opeth-ss/.m2/repository/javax/interceptor/javax.interceptor-api/1.2/javax.interceptor-api-1.2.jar:/home/opeth-ss/.m2/repository/javax/inject/javax.inject/1/javax.inject-1.jar:/home/opeth-ss/.m2/repository/org/junit/jupiter/junit-jupiter-api/5.9.2/junit-jupiter-api-5.9.2.jar:/home/opeth-ss/.m2/repository/org/opentest4j/opentest4j/1.2.0/opentest4j-1.2.0.jar:/home/opeth-ss/.m2/repository/org/junit/platform/junit-platform-commons/1.9.2/junit-platform-commons-1.9.2.jar:/home/opeth-ss/.m2/repository/org/apiguardian/apiguardian-api/1.1.2/apiguardian-api-1.1.2.jar:/home/opeth-ss/.m2/repository/org/junit/jupiter/junit-jupiter-engine/5.9.2/junit-jupiter-engine-5.9.2.jar:/home/opeth-ss/.m2/repository/org/junit/platform/junit-platform-engine/1.9.2/junit-platform-engine-1.9.2.jar:/home/opeth-ss/.m2/repository/org/junit/jupiter/junit-jupiter-params/5.9.2/junit-jupiter-params-5.9.2.jar:/home/opeth-ss/.m2/repository/org/mockito/mockito-core/4.11.0/mockito-core-4.11.0.jar:/home/opeth-ss/.m2/repository/net/bytebuddy/byte-buddy-agent/1.12.19/byte-buddy-agent-1.12.19.jar:/home/opeth-ss/.m2/repository/org/objenesis/objenesis/3.3/objenesis-3.3.jar:/home/opeth-ss/.m2/repository/org/mockito/mockito-junit-jupiter/4.11.0/mockito-junit-jupiter-4.11.0.jar:/home/opeth-ss/.m2/repository/org/hamcrest/hamcrest/2.2/hamcrest-2.2.jar:/home/opeth-ss/.m2/repository/io/jsonwebtoken/jjwt-api/0.11.5/jjwt-api-0.11.5.jar:/home/opeth-ss/.m2/repository/io/jsonwebtoken/jjwt-impl/0.11.5/jjwt-impl-0.11.5.jar:/home/opeth-ss/.m2/repository/io/jsonwebtoken/jjwt-jackson/0.11.5/jjwt-jackson-0.11.5.jar:/home/opeth-ss/.m2/repository/com/fasterxml/jackson/core/jackson-databind/2.12.6.1/jackson-databind-2.12.6.1.jar:/home/opeth-ss/.m2/repository/com/fasterxml/jackson/core/jackson-annotations/2.12.6/jackson-annotations-2.12.6.jar:/home/opeth-ss/.m2/repository/com/fasterxml/jackson/core/jackson-core/2.12.6/jackson-core-2.12.6.jar:"/>
    <property name="sun.cpu.endian" value="little"/>
    <property name="user.home" value="/home/opeth-ss"/>
    <property name="user.language" value="en"/>
    <property name="java.specification.vendor" value="Oracle Corporation"/>
    <property name="java.home" value="/usr/lib/jvm/java-8-openjdk-amd64/jre"/>
    <property name="basedir" value="/home/opeth-ss/streetphotography"/>
    <property name="file.separator" value="/"/>
    <property name="line.separator" value="&#10;"/>
    <property name="java.vm.specification.vendor" value="Oracle Corporation"/>
    <property name="java.specification.name" value="Java Platform API Specification"/>
    <property name="java.awt.graphicsenv" value="sun.awt.X11GraphicsEnvironment"/>
    <property name="surefire.real.class.path" value="/home/opeth-ss/streetphotography/target/surefire/surefirebooter4836403086763571350.jar"/>
    <property name="sun.boot.class.path" value="/usr/lib/jvm/java-8-openjdk-amd64/jre/lib/resources.jar:/usr/lib/jvm/java-8-openjdk-amd64/jre/lib/rt.jar:/usr/lib/jvm/java-8-openjdk-amd64/jre/lib/sunrsasign.jar:/usr/lib/jvm/java-8-openjdk-amd64/jre/lib/jsse.jar:/usr/lib/jvm/java-8-openjdk-amd64/jre/lib/jce.jar:/usr/lib/jvm/java-8-openjdk-amd64/jre/lib/charsets.jar:/usr/lib/jvm/java-8-openjdk-amd64/jre/lib/jfr.jar:/usr/lib/jvm/java-8-openjdk-amd64/jre/classes"/>
    <property name="sun.management.compiler" value="HotSpot 64-Bit Tiered Compilers"/>
    <property name="java.runtime.version" value="1.8.0_442-8u442-b06~us1-0ubuntu1~24.04-b06"/>
    <property name="user.name" value="opeth-ss"/>
    <property name="path.separator" value=":"/>
    <property name="os.version" value="6.11.0-21-generic"/>
    <property name="java.endorsed.dirs" value="/usr/lib/jvm/java-8-openjdk-amd64/jre/lib/endorsed"/>
    <property name="java.runtime.name" value="OpenJDK Runtime Environment"/>
    <property name="file.encoding" value="UTF-8"/>
    <property name="java.vm.name" value="OpenJDK 64-Bit Server VM"/>
    <property name="localRepository" value="/home/opeth-ss/.m2/repository"/>
    <property name="java.vendor.url.bug" value="http://bugreport.sun.com/bugreport/"/>
    <property name="java.io.tmpdir" value="/tmp"/>
    <property name="java.version" value="1.8.0_442"/>
    <property name="user.dir" value="/home/opeth-ss/streetphotography"/>
    <property name="os.arch" value="amd64"/>
    <property name="java.vm.specification.name" value="Java Virtual Machine Specification"/>
    <property name="java.awt.printerjob" value="sun.print.PSPrinterJob"/>
    <property name="sun.os.patch.level" value="unknown"/>
    <property name="java.library.path" value="/usr/java/packages/lib/amd64:/usr/lib/x86_64-linux-gnu/jni:/lib/x86_64-linux-gnu:/usr/lib/x86_64-linux-gnu:/usr/lib/jni:/lib:/usr/lib"/>
    <property name="java.vm.info" value="mixed mode"/>
    <property name="java.vendor" value="Private Build"/>
    <property name="java.vm.version" value="25.442-b06"/>
    <property name="java.specification.maintenance.version" value="6"/>
    <property name="java.ext.dirs" value="/usr/lib/jvm/java-8-openjdk-amd64/jre/lib/ext:/usr/java/packages/lib/ext"/>
    <property name="sun.io.unicode.encoding" value="UnicodeLittle"/>
    <property name="java.class.version" value="52.0"/>
  </properties>
  <testcase name="updatePhoto_Success" classname="com.example.services.PhotoServiceTest" time="0.356"/>
  <testcase name="ratePhoto_InvalidRating_ThrowsException" classname="com.example.services.PhotoServiceTest" time="0.002"/>
  <testcase name="ratePhoto_Success_NewRating" classname="com.example.services.PhotoServiceTest" time="0.005"/>
  <testcase name="approvePhoto_Success" classname="com.example.services.PhotoServiceTest" time="0.01"/>
  <testcase name="savePhoto_NullFile_ThrowsException" classname="com.example.services.PhotoServiceTest" time="0.002"/>
  <testcase name="ratePhoto_NullUser_ThrowsException" classname="com.example.services.PhotoServiceTest" time="0.002"/>
  <testcase name="approvePhoto_NonAdmin_ThrowsException" classname="com.example.services.PhotoServiceTest" time="0.002"/>
  <testcase name="savePhoto_Success" classname="com.example.services.PhotoServiceTest" time="0.004"/>
  <testcase name="getFilteredPhotos_Success" classname="com.example.services.PhotoServiceTest" time="0.002"/>
  <testcase name="deletePhoto_Unauthorized_ThrowsException" classname="com.example.services.PhotoServiceTest" time="0.001"/>
  <testcase name="updatePhoto_Unauthorized_ThrowsException" classname="com.example.services.PhotoServiceTest" time="0.001"/>
  <testcase name="savePhoto_FileTooLarge_ThrowsException" classname="com.example.services.PhotoServiceTest" time="0.002"/>
  <testcase name="deletePhoto_Success" classname="com.example.services.PhotoServiceTest" time="0.002"/>
  <testcase name="savePhoto_InvalidFileType_ThrowsException" classname="com.example.services.PhotoServiceTest" time="0.001"/>
  <testcase name="ratePhoto_UpdateExistingRating" classname="com.example.services.PhotoServiceTest" time="0.002"/>
  <testcase name="savePhoto_EmptyFile_ThrowsException" classname="com.example.services.PhotoServiceTest" time="0.003"/>
</testsuite>